[debug] [2023-04-21T10:13:15.358Z] ----------------------------------------------------------------------
[debug] [2023-04-21T10:13:15.359Z] Command:       /usr/local/bin/node /usr/local/bin/firebase init functions
[debug] [2023-04-21T10:13:15.360Z] CLI Version:   11.28.0
[debug] [2023-04-21T10:13:15.360Z] Platform:      darwin
[debug] [2023-04-21T10:13:15.360Z] Node Version:  v16.18.0
[debug] [2023-04-21T10:13:15.364Z] Time:          Fri Apr 21 2023 13:13:15 GMT+0300 (Восточная Европа, летнее время)
[debug] [2023-04-21T10:13:15.365Z] ----------------------------------------------------------------------
[debug] 
[debug] [2023-04-21T10:13:15.416Z] > command requires scopes: ["email","openid","https://www.googleapis.com/auth/cloudplatformprojects.readonly","https://www.googleapis.com/auth/firebase","https://www.googleapis.com/auth/cloud-platform"]
[debug] [2023-04-21T10:13:15.416Z] > authorizing via signed-in user (beatbar.contact@gmail.com)
[info] 
     ######## #### ########  ######## ########     ###     ######  ########
     ##        ##  ##     ## ##       ##     ##  ##   ##  ##       ##
     ######    ##  ########  ######   ########  #########  ######  ######
     ##        ##  ##    ##  ##       ##     ## ##     ##       ## ##
     ##       #### ##     ## ######## ########  ##     ##  ######  ########

You're about to initialize a Firebase project in this directory:

  /Users/roma/Desktop/projects/PET/next-bb

Before we get started, keep in mind:

  * You are initializing within an existing Firebase project directory

[info] 
=== Project Setup
[info] 
[info] First, let's associate this project directory with a Firebase project.
[info] You can create multiple project aliases by running firebase use --add, 
[info] but for now we'll just set up a default project.
[info] 
[debug] [2023-04-21T10:13:15.419Z] Using project from CLI flag: beatbar-d80cc
[debug] [2023-04-21T10:13:15.420Z] > refreshing access token with scopes: []
[debug] [2023-04-21T10:13:15.421Z] >>> [apiv2][query] POST https://www.googleapis.com/oauth2/v3/token [none]
[debug] [2023-04-21T10:13:15.421Z] >>> [apiv2][body] POST https://www.googleapis.com/oauth2/v3/token [omitted]
[debug] [2023-04-21T10:13:15.605Z] <<< [apiv2][status] POST https://www.googleapis.com/oauth2/v3/token 200
[debug] [2023-04-21T10:13:15.605Z] <<< [apiv2][body] POST https://www.googleapis.com/oauth2/v3/token [omitted]
[debug] [2023-04-21T10:13:15.618Z] >>> [apiv2][query] GET https://firebase.googleapis.com/v1beta1/projects/beatbar-d80cc [none]
[debug] [2023-04-21T10:13:16.080Z] <<< [apiv2][status] GET https://firebase.googleapis.com/v1beta1/projects/beatbar-d80cc 200
[debug] [2023-04-21T10:13:16.080Z] <<< [apiv2][body] GET https://firebase.googleapis.com/v1beta1/projects/beatbar-d80cc {"projectId":"beatbar-d80cc","projectNumber":"538405850712","displayName":"beatbar","name":"projects/beatbar-d80cc","resources":{"hostingSite":"beatbar-d80cc","realtimeDatabaseInstance":"beatbar-d80cc-default-rtdb","storageBucket":"beatbar-d80cc.appspot.com","locationId":"europe-west"},"state":"ACTIVE","etag":"1_7afa9ed3-47a5-492f-beca-c41747605ac5"}
[info] i  Using project beatbar-d80cc (beatbar) 
[info] 
=== Functions Setup
[debug] [2023-04-21T10:13:16.087Z] > command requires scopes: ["email","openid","https://www.googleapis.com/auth/cloudplatformprojects.readonly","https://www.googleapis.com/auth/firebase","https://www.googleapis.com/auth/cloud-platform"]
[debug] [2023-04-21T10:13:16.088Z] > authorizing via signed-in user (beatbar.contact@gmail.com)
[debug] [2023-04-21T10:13:16.088Z] [iam] checking project beatbar-d80cc for permissions ["firebase.projects.get"]
[debug] [2023-04-21T10:13:16.088Z] >>> [apiv2][query] POST https://cloudresourcemanager.googleapis.com/v1/projects/beatbar-d80cc:testIamPermissions [none]
[debug] [2023-04-21T10:13:16.088Z] >>> [apiv2][(partial)header] POST https://cloudresourcemanager.googleapis.com/v1/projects/beatbar-d80cc:testIamPermissions x-goog-quota-user=projects/beatbar-d80cc
[debug] [2023-04-21T10:13:16.088Z] >>> [apiv2][body] POST https://cloudresourcemanager.googleapis.com/v1/projects/beatbar-d80cc:testIamPermissions {"permissions":["firebase.projects.get"]}
[debug] [2023-04-21T10:13:16.928Z] <<< [apiv2][status] POST https://cloudresourcemanager.googleapis.com/v1/projects/beatbar-d80cc:testIamPermissions 200
[debug] [2023-04-21T10:13:16.928Z] <<< [apiv2][body] POST https://cloudresourcemanager.googleapis.com/v1/projects/beatbar-d80cc:testIamPermissions {"permissions":["firebase.projects.get"]}
[debug] [2023-04-21T10:13:16.929Z] >>> [apiv2][query] GET https://serviceusage.googleapis.com/v1/projects/beatbar-d80cc/services/cloudfunctions.googleapis.com [none]
[debug] [2023-04-21T10:13:16.929Z] >>> [apiv2][(partial)header] GET https://serviceusage.googleapis.com/v1/projects/beatbar-d80cc/services/cloudfunctions.googleapis.com x-goog-quota-user=projects/beatbar-d80cc
[debug] [2023-04-21T10:13:16.932Z] >>> [apiv2][query] GET https://serviceusage.googleapis.com/v1/projects/beatbar-d80cc/services/runtimeconfig.googleapis.com [none]
[debug] [2023-04-21T10:13:16.932Z] >>> [apiv2][(partial)header] GET https://serviceusage.googleapis.com/v1/projects/beatbar-d80cc/services/runtimeconfig.googleapis.com x-goog-quota-user=projects/beatbar-d80cc
[debug] [2023-04-21T10:13:18.155Z] <<< [apiv2][status] GET https://serviceusage.googleapis.com/v1/projects/beatbar-d80cc/services/cloudfunctions.googleapis.com 200
[debug] [2023-04-21T10:13:18.155Z] <<< [apiv2][body] GET https://serviceusage.googleapis.com/v1/projects/beatbar-d80cc/services/cloudfunctions.googleapis.com [omitted]
[debug] [2023-04-21T10:13:18.156Z] <<< [apiv2][status] GET https://serviceusage.googleapis.com/v1/projects/beatbar-d80cc/services/runtimeconfig.googleapis.com 200
[debug] [2023-04-21T10:13:18.156Z] <<< [apiv2][body] GET https://serviceusage.googleapis.com/v1/projects/beatbar-d80cc/services/runtimeconfig.googleapis.com [omitted]
[info] 
Detected existing codebase(s): default

[info] Let's create a new codebase for your functions.
[info] A directory corresponding to the codebase will be created in your project
[info] with sample code pre-configured.

[info] See https://firebase.google.com/docs/functions/organize-functions for
[info] more information on organizing your functions using codebases.

[info] Functions can be deployed with firebase deploy.

